<?xml version="1.0" encoding="UTF-8"?>
<!-- Generated by org.testng.reporters.JUnitReportReporter -->
<testsuite skipped="0" hostname="LAPTOP-7REAJJBJ" name="qaclickacademy.Mavenjava.AppiumTest" tests="2" failures="0" timestamp="06 May 2020 10:31:54 GMT" time="0.012" errors="0">
  <testcase name="netiveAppAndroid" time="0.001" classname="qaclickacademy.Mavenjava.AppiumTest"/>
  <testcase name="IOSApps" time="0.011" classname="qaclickacademy.Mavenjava.AppiumTest"/>
</testsuite> <!-- qaclickacademy.Mavenjava.AppiumTest -->
