<?xml version="1.0" encoding="UTF-8"?>
<!-- Generated by org.testng.reporters.JUnitReportReporter -->
<testsuite skipped="0" hostname="LAPTOP-7REAJJBJ" name="qaclickacademy.Mavenjava.AppTest" tests="1" failures="0" timestamp="06 May 2020 10:31:54 GMT" time="0.003" errors="0">
  <testcase name="testApp" time="0.003" classname="qaclickacademy.Mavenjava.AppTest"/>
</testsuite> <!-- qaclickacademy.Mavenjava.AppTest -->
