<?xml version="1.0" encoding="UTF-8"?>
<!-- Generated by org.testng.reporters.JUnitReportReporter -->
<testsuite skipped="0" hostname="LAPTOP-7REAJJBJ" name="qaclickacademy.Mavenjava.ExtentReportDemo" tests="1" failures="0" timestamp="06 May 2020 12:46:14 GMT" time="12.524" errors="0">
  <testcase name="initialDemo" time="12.524" classname="qaclickacademy.Mavenjava.ExtentReportDemo"/>
</testsuite> <!-- qaclickacademy.Mavenjava.ExtentReportDemo -->
